{
  "RSpec": {
    "coverage": {
      "/Users/kathybui/turing/3-mod/mid-mod/destination-planner/config/environment.rb": {
        "lines": [
          null,
          1,
          null,
          null,
          1
        ]
      },
      "/Users/kathybui/turing/3-mod/mid-mod/destination-planner/config/application.rb": {
        "lines": [
          1,
          null,
          1,
          null,
          null,
          null,
          1,
          null,
          1,
          1,
          null,
          1,
          null,
          null,
          null,
          null,
          null,
          null,
          null
        ]
      },
      "/Users/kathybui/turing/3-mod/mid-mod/destination-planner/config/boot.rb": {
        "lines": [
          1,
          null,
          1,
          1
        ]
      },
      "/Users/kathybui/turing/3-mod/mid-mod/destination-planner/config/environments/test.rb": {
        "lines": [
          1,
          null,
          null,
          null,
          null,
          null,
          null,
          1,
          null,
          null,
          null,
          null,
          1,
          null,
          null,
          1,
          1,
          null,
          null,
          null,
          null,
          1,
          1,
          null,
          null,
          1,
          null,
          null,
          1,
          null,
          null,
          1,
          null,
          1,
          null,
          null,
          null,
          null,
          1,
          null,
          null,
          1,
          null,
          null,
          null,
          null
        ]
      },
      "/Users/kathybui/turing/3-mod/mid-mod/destination-planner/config/initializers/application_controller_renderer.rb": {
        "lines": [
          null,
          null,
          null,
          null,
          null,
          null,
          null,
          null
        ]
      },
      "/Users/kathybui/turing/3-mod/mid-mod/destination-planner/config/initializers/assets.rb": {
        "lines": [
          null,
          null,
          null,
          1,
          null,
          null,
          null,
          null,
          1,
          null,
          null,
          null,
          null,
          null
        ]
      },
      "/Users/kathybui/turing/3-mod/mid-mod/destination-planner/config/initializers/backtrace_silencers.rb": {
        "lines": [
          null,
          null,
          null,
          null,
          null,
          null,
          null
        ]
      },
      "/Users/kathybui/turing/3-mod/mid-mod/destination-planner/config/initializers/content_security_policy.rb": {
        "lines": [
          null,
          null,
          null,
          null,
          null,
          null,
          null,
          null,
          null,
          null,
          null,
          null,
          null,
          null,
          null,
          null,
          null,
          null,
          null,
          null,
          null,
          null,
          null,
          null,
          null
        ]
      },
      "/Users/kathybui/turing/3-mod/mid-mod/destination-planner/config/initializers/cookies_serializer.rb": {
        "lines": [
          null,
          null,
          null,
          null,
          1
        ]
      },
      "/Users/kathybui/turing/3-mod/mid-mod/destination-planner/config/initializers/filter_parameter_logging.rb": {
        "lines": [
          null,
          null,
          null,
          1
        ]
      },
      "/Users/kathybui/turing/3-mod/mid-mod/destination-planner/config/initializers/inflections.rb": {
        "lines": [
          null,
          null,
          null,
          null,
          null,
          null,
          null,
          null,
          null,
          null,
          null,
          null,
          null,
          null,
          null,
          null
        ]
      },
      "/Users/kathybui/turing/3-mod/mid-mod/destination-planner/config/initializers/mime_types.rb": {
        "lines": [
          null,
          null,
          null,
          null
        ]
      },
      "/Users/kathybui/turing/3-mod/mid-mod/destination-planner/config/initializers/new_framework_defaults_5_2.rb": {
        "lines": [
          null,
          null,
          null,
          null,
          null,
          null,
          null,
          null,
          null,
          null,
          null,
          null,
          null,
          null,
          null,
          null,
          null,
          null,
          null,
          null,
          null,
          null,
          null,
          null,
          null,
          null,
          null,
          null,
          null,
          null,
          null,
          null,
          null,
          null,
          null,
          null,
          null,
          null
        ]
      },
      "/Users/kathybui/turing/3-mod/mid-mod/destination-planner/config/initializers/wrap_parameters.rb": {
        "lines": [
          null,
          null,
          null,
          null,
          null,
          null,
          1,
          2,
          null,
          null,
          null,
          null,
          null,
          null
        ]
      },
      "/Users/kathybui/turing/3-mod/mid-mod/destination-planner/config/routes.rb": {
        "lines": [
          1,
          null,
          1,
          1,
          null
        ]
      },
      "/Users/kathybui/turing/3-mod/mid-mod/destination-planner/app/helpers/application_helper.rb": {
        "lines": [
          1,
          null
        ]
      },
      "/Users/kathybui/turing/3-mod/mid-mod/destination-planner/spec/features/current_weather_spec.rb": {
        "lines": [
          1,
          1,
          null,
          1,
          1,
          1,
          1,
          null,
          null,
          1,
          1,
          1,
          1,
          null,
          1,
          1,
          1,
          1,
          1,
          1,
          1,
          1,
          1,
          null,
          null,
          null
        ]
      },
      "/Users/kathybui/turing/3-mod/mid-mod/destination-planner/spec/models/destination_spec.rb": {
        "lines": [
          1,
          null,
          1,
          1,
          1,
          1,
          null,
          1,
          null,
          null,
          null
        ]
      },
      "/Users/kathybui/turing/3-mod/mid-mod/destination-planner/app/models/destination.rb": {
        "lines": [
          1,
          1,
          6,
          null,
          null
        ]
      },
      "/Users/kathybui/turing/3-mod/mid-mod/destination-planner/app/models/application_record.rb": {
        "lines": [
          1,
          1,
          null
        ]
      },
      "/Users/kathybui/turing/3-mod/mid-mod/destination-planner/spec/poros/forcast_spec.rb": {
        "lines": [
          1,
          null,
          1,
          1,
          1,
          null,
          null,
          null,
          null,
          null,
          null,
          null,
          null,
          null,
          null,
          null,
          null,
          null,
          null,
          null,
          null,
          null,
          null,
          null,
          null,
          null,
          null,
          null,
          null,
          null,
          null,
          null,
          1,
          1,
          1,
          1,
          1,
          1,
          1,
          null,
          null
        ]
      },
      "/Users/kathybui/turing/3-mod/mid-mod/destination-planner/spec/services/forcast_service_spec.rb": {
        "lines": [
          1,
          null,
          1,
          1,
          1,
          null,
          1,
          null,
          null,
          null,
          null,
          null,
          null,
          null,
          null,
          null,
          null,
          null,
          null,
          null,
          null,
          null,
          1,
          1,
          13,
          null,
          null,
          null
        ]
      },
      "/Users/kathybui/turing/3-mod/mid-mod/destination-planner/app/facades/forcast_search.rb": {
        "lines": [
          1,
          1,
          7,
          7,
          null,
          null,
          1,
          7,
          null,
          null
        ]
      },
      "/Users/kathybui/turing/3-mod/mid-mod/destination-planner/app/services/forcast_service.rb": {
        "lines": [
          1,
          1,
          8,
          8,
          8,
          null,
          8,
          null,
          null,
          1,
          null,
          1,
          8,
          8,
          8,
          null,
          null,
          null
        ]
      },
      "/Users/kathybui/turing/3-mod/mid-mod/destination-planner/app/poros/forcast.rb": {
        "lines": [
          1,
          1,
          null,
          null,
          null,
          null,
          null,
          1,
          8,
          8,
          8,
          8,
          8,
          null,
          null
        ]
      },
      "/Users/kathybui/turing/3-mod/mid-mod/destination-planner/app/controllers/destinations_controller.rb": {
        "lines": [
          1,
          1,
          null,
          1,
          1,
          null,
          null,
          1,
          1,
          null,
          null,
          1,
          0,
          null,
          null,
          1,
          null,
          null,
          1,
          0,
          0,
          0,
          null,
          0,
          null,
          null,
          null,
          1,
          0,
          0,
          null,
          0,
          null,
          null,
          null,
          1,
          0,
          0,
          null,
          null,
          1,
          null,
          1,
          1,
          null,
          null,
          null,
          1,
          0,
          null,
          null
        ]
      },
      "/Users/kathybui/turing/3-mod/mid-mod/destination-planner/app/controllers/application_controller.rb": {
        "lines": [
          1,
          1,
          null
        ]
      }
    },
    "timestamp": 1599625763
  }
}
